<?xml version="1.0" encoding="UTF-8"?>
<!-- Generated by org.testng.reporters.JUnitXMLReporter -->
<testsuite ignored="0" hostname="LT-MBP-079.local" failures="0" tests="1" name="AppTest 1" time="3.633" errors="0" timestamp="2024-07-10T20:47:50 IST">
  <testcase classname="appiumtest.bancoBMGAndroid" name="@AfterTest tearDown" time="0.004">
    <failure type="java.lang.NullPointerException" message="Cannot invoke &amp;quot;org.openqa.selenium.remote.RemoteWebDriver.quit()&amp;quot; because &amp;quot;this.driver&amp;quot; is null">
      <![CDATA[java.lang.NullPointerException: Cannot invoke "org.openqa.selenium.remote.RemoteWebDriver.quit()" because "this.driver" is null
at appiumtest.bancoBMGAndroid.tearDown(bancoBMGAndroid.java:129)
... Removed 22 stack frames]]>
    </failure>
  </testcase> <!-- @AfterTest tearDown -->
  <testcase classname="appiumtest.bancoBMGAndroid" name="AndroidApp" time="3.586"/>
</testsuite> <!-- AppTest 1 -->
