<?xml version="1.0" encoding="UTF-8"?>
<!-- Generated by org.testng.reporters.JUnitXMLReporter -->
<testsuite ignored="0" hostname="LT-MBP-079" failures="1" tests="1" name="Real Device Test" time="18.716" errors="0" timestamp="2023-06-22T01:51:01 IST">
  <testcase classname="appiumtest.realDeviceTesting" name="testOne" time="0.423">
    <failure type="org.openqa.selenium.NoSuchElementException" message="An element could not be located on the page using the given search parameters.
For documentation on this error, please visit: https://www.selenium.dev/documentation/webdriver/troubleshooting/errors#no-such-element-exception
Build info: version: &amp;apos;4.10.0&amp;apos;, revision: &amp;apos;c14d967899&amp;apos;
System info: os.name: &amp;apos;Mac OS X&amp;apos;, os.arch: &amp;apos;x86_64&amp;apos;, os.version: &amp;apos;13.3.1&amp;apos;, java.version: &amp;apos;20.0.1&amp;apos;
Driver info: io.appium.java_client.AppiumDriver
Command: [1661f432-c835-4326-ab8f-0c17d0218ed8, findElement {using=id, value=com.example.onclicklisteners:id/firstWay}]
Capabilities {appium:appActivity: com.example.onclicklistener..., appium:appPackage: com.example.onclicklisteners, appium:databaseEnabled: false, appium:desired: {appActivity: com.example.onclicklistener..., appPackage: com.example.onclicklisteners, deviceName: Galaxy Tab A7, platformName: ANDROID, platformVersion: 12, udid: R9WN91TLGBJ}, appium:deviceApiLevel: 31, appium:deviceManufacturer: samsung, appium:deviceModel: SM-T505, appium:deviceName: R9WN91TLGBJ, appium:deviceScreenDensity: 240, appium:deviceScreenSize: 1200x2000, appium:deviceUDID: R9WN91TLGBJ, appium:javascriptEnabled: true, appium:locationContextEnabled: false, appium:networkConnectionEnabled: true, appium:pixelRatio: 1.5, appium:platformVersion: 12, appium:statBarHeight: 36, appium:takesScreenshot: true, appium:udid: R9WN91TLGBJ, appium:viewportRect: {height: 1892, left: 0, top: 36, width: 1200}, appium:warnings: {}, appium:webStorageEnabled: false, platformName: ANDROID}
Session ID: 1661f432-c835-4326-ab8f-0c17d0218ed8">
      <![CDATA[org.openqa.selenium.NoSuchElementException: An element could not be located on the page using the given search parameters.
For documentation on this error, please visit: https://www.selenium.dev/documentation/webdriver/troubleshooting/errors#no-such-element-exception
Build info: version: '4.10.0', revision: 'c14d967899'
System info: os.name: 'Mac OS X', os.arch: 'x86_64', os.version: '13.3.1', java.version: '20.0.1'
Driver info: io.appium.java_client.AppiumDriver
Command: [1661f432-c835-4326-ab8f-0c17d0218ed8, findElement {using=id, value=com.example.onclicklisteners:id/firstWay}]
Capabilities {appium:appActivity: com.example.onclicklistener..., appium:appPackage: com.example.onclicklisteners, appium:databaseEnabled: false, appium:desired: {appActivity: com.example.onclicklistener..., appPackage: com.example.onclicklisteners, deviceName: Galaxy Tab A7, platformName: ANDROID, platformVersion: 12, udid: R9WN91TLGBJ}, appium:deviceApiLevel: 31, appium:deviceManufacturer: samsung, appium:deviceModel: SM-T505, appium:deviceName: R9WN91TLGBJ, appium:deviceScreenDensity: 240, appium:deviceScreenSize: 1200x2000, appium:deviceUDID: R9WN91TLGBJ, appium:javascriptEnabled: true, appium:locationContextEnabled: false, appium:networkConnectionEnabled: true, appium:pixelRatio: 1.5, appium:platformVersion: 12, appium:statBarHeight: 36, appium:takesScreenshot: true, appium:udid: R9WN91TLGBJ, appium:viewportRect: {height: 1892, left: 0, top: 36, width: 1200}, appium:warnings: {}, appium:webStorageEnabled: false, platformName: ANDROID}
Session ID: 1661f432-c835-4326-ab8f-0c17d0218ed8
at org.openqa.selenium.remote.codec.w3c.W3CHttpResponseCodec.createException(W3CHttpResponseCodec.java:199)
at org.openqa.selenium.remote.codec.w3c.W3CHttpResponseCodec.decode(W3CHttpResponseCodec.java:132)
at org.openqa.selenium.remote.codec.w3c.W3CHttpResponseCodec.decode(W3CHttpResponseCodec.java:51)
at org.openqa.selenium.remote.HttpCommandExecutor.execute(HttpCommandExecutor.java:191)
at io.appium.java_client.remote.AppiumCommandExecutor.execute(AppiumCommandExecutor.java:250)
at org.openqa.selenium.remote.RemoteWebDriver.execute(RemoteWebDriver.java:531)
at org.openqa.selenium.remote.ElementLocation$ElementFinder$2.findElement(ElementLocation.java:165)
at org.openqa.selenium.remote.ElementLocation.findElement(ElementLocation.java:66)
at org.openqa.selenium.remote.RemoteWebDriver.findElement(RemoteWebDriver.java:350)
at org.openqa.selenium.remote.RemoteWebDriver.findElement(RemoteWebDriver.java:344)
at appiumtest.realDeviceTesting.testOne(realDeviceTesting.java:77)
at java.base/java.util.ArrayList.forEach(ArrayList.java:1511)
at java.base/java.util.concurrent.FutureTask.run(FutureTask.java:317)
at java.base/java.util.concurrent.ThreadPoolExecutor.runWorker(ThreadPoolExecutor.java:1144)
at java.base/java.util.concurrent.ThreadPoolExecutor$Worker.run(ThreadPoolExecutor.java:642)
at java.base/java.lang.Thread.run(Thread.java:1623)
... Removed 18 stack frames]]>
    </failure>
  </testcase> <!-- testOne -->
</testsuite> <!-- Real Device Test -->
