<?xml version="1.0" encoding="UTF-8"?>
<testng-results ignored="0" total="2" passed="2" failed="0" skipped="0">
  <reporter-output>
  </reporter-output>
  <suite started-at="2023-06-22T01:40:25 IST" name="Mobile" finished-at="2023-06-22T01:41:01 IST" duration-ms="35928">
    <groups>
    </groups>
    <test started-at="2023-06-22T01:40:25 IST" name="AppTest 1" finished-at="2023-06-22T01:41:00 IST" duration-ms="35403">
      <class name="appiumtest.AndroidApponLT">
        <test-method signature="AndroidApp(java.lang.String,java.lang.String,java.lang.String)[pri:0, instance:appiumtest.AndroidApponLT@6b26e945]" started-at="2023-06-22T01:40:25 IST" name="AndroidApp" finished-at="2023-06-22T01:41:00 IST" duration-ms="35240" status="PASS">
          <params>
            <param index="0">
              <value>
                <![CDATA[Galaxy S23 Ultra]]>
              </value>
            </param>
            <param index="1">
              <value>
                <![CDATA[13]]>
              </value>
            </param>
            <param index="2">
              <value>
                <![CDATA[Android]]>
              </value>
            </param>
          </params>
          <reporter-output>
          </reporter-output>
        </test-method> <!-- AndroidApp -->
      </class> <!-- appiumtest.AndroidApponLT -->
    </test> <!-- AppTest 1 -->
    <test started-at="2023-06-22T01:40:25 IST" name="AppTest 2" finished-at="2023-06-22T01:41:01 IST" duration-ms="35928">
      <class name="appiumtest.AndroidApponLT">
        <test-method signature="AndroidApp(java.lang.String,java.lang.String,java.lang.String)[pri:0, instance:appiumtest.AndroidApponLT@7ce3cb8e]" started-at="2023-06-22T01:40:25 IST" name="AndroidApp" finished-at="2023-06-22T01:41:01 IST" duration-ms="35772" status="PASS">
          <params>
            <param index="0">
              <value>
                <![CDATA[Galaxy S23]]>
              </value>
            </param>
            <param index="1">
              <value>
                <![CDATA[13]]>
              </value>
            </param>
            <param index="2">
              <value>
                <![CDATA[Android]]>
              </value>
            </param>
          </params>
          <reporter-output>
          </reporter-output>
        </test-method> <!-- AndroidApp -->
      </class> <!-- appiumtest.AndroidApponLT -->
    </test> <!-- AppTest 2 -->
  </suite> <!-- Mobile -->
</testng-results>
