-------------------------------------------------------------------------------
Test set: TestSuite
-------------------------------------------------------------------------------
Tests run: 11, Failures: 4, Errors: 0, Skipped: 4, Time elapsed: 685.926 sec <<< FAILURE!
setup(appiumtest.WebOnEmulatorLambdaTest)  Time elapsed: 4.722 sec  <<< FAILURE!
org.openqa.selenium.SessionNotCreatedException: Could not start a new session. Response code 500. Message: [APP_OS_MISMATCH] The app_id lt://APP1016053741710174003248280 specified in the ‘app’ params is not installable on simulators. Please specify a valid app_id for simulators.
Build info: version: '4.0.0', revision: '3a21814679'
System info: host: 'LT-MBP-079.local', ip: '172.20.10.2', os.name: 'Mac OS X', os.arch: 'x86_64', os.version: '14.5', java.version: '20.0.1'
Driver info: org.openqa.selenium.remote.RemoteWebDriver
Command: [null, newSession {capabilities=[Capabilities {LT:Options: {accessKey: dboZK7so8koMnIR1tN11aKfMgxy..., app: lt://APP1016053741710174003..., build: debug, deviceName: iPad (9th generation), platformName: ios, platformVersion: 16.0, user: rahulkumarlambdatest, visual: true, w3c: true}}], desiredCapabilities=Capabilities {LT:Options: {accessKey: dboZK7so8koMnIR1tN11aKfMgxy..., app: lt://APP1016053741710174003..., build: debug, deviceName: iPad (9th generation), platformName: ios, platformVersion: 16.0, user: rahulkumarlambdatest, visual: true, w3c: true}}}]
Capabilities {}
	at org.openqa.selenium.remote.ProtocolHandshake.createSession(ProtocolHandshake.java:126)
	at org.openqa.selenium.remote.ProtocolHandshake.createSession(ProtocolHandshake.java:84)
	at org.openqa.selenium.remote.ProtocolHandshake.createSession(ProtocolHandshake.java:62)
	at org.openqa.selenium.remote.HttpCommandExecutor.execute(HttpCommandExecutor.java:156)
	at org.openqa.selenium.remote.TracedCommandExecutor.execute(TracedCommandExecutor.java:39)
	at org.openqa.selenium.remote.RemoteWebDriver.execute(RemoteWebDriver.java:559)
	at org.openqa.selenium.remote.RemoteWebDriver.startSession(RemoteWebDriver.java:246)
	at org.openqa.selenium.remote.RemoteWebDriver.<init>(RemoteWebDriver.java:168)
	at org.openqa.selenium.remote.RemoteWebDriver.<init>(RemoteWebDriver.java:146)
	at appiumtest.WebOnEmulatorLambdaTest.setup(WebOnEmulatorLambdaTest.java:60)

openOnClickListenersOnEmulator(appiumtest.CalTest)  Time elapsed: 0.018 sec  <<< FAILURE!
org.openqa.selenium.SessionNotCreatedException: Could not start a new session. Possible causes are invalid address of the remote server or browser start-up failure.
	at org.openqa.selenium.remote.RemoteWebDriver.execute(RemoteWebDriver.java:577)
	at io.appium.java_client.AppiumDriver.startSession(AppiumDriver.java:225)
	at org.openqa.selenium.remote.RemoteWebDriver.<init>(RemoteWebDriver.java:168)
	at io.appium.java_client.AppiumDriver.<init>(AppiumDriver.java:79)
	at io.appium.java_client.AppiumDriver.<init>(AppiumDriver.java:87)
	at appiumtest.CalTest.openOnClickListenersOnEmulator(CalTest.java:94)
Caused by: org.openqa.selenium.WebDriverException: Connection refused
Build info: version: '4.0.0', revision: '3a21814679'
System info: host: 'LT-MBP-079.local', ip: '172.20.10.2', os.name: 'Mac OS X', os.arch: 'x86_64', os.version: '14.5', java.version: '20.0.1'
Driver info: driver.version: AppiumDriver
	at io.appium.java_client.remote.AppiumCommandExecutor.lambda$execute$4(AppiumCommandExecutor.java:192)
	at java.base/java.util.Optional.orElseGet(Optional.java:364)
	at io.appium.java_client.remote.AppiumCommandExecutor.execute(AppiumCommandExecutor.java:191)
	at org.openqa.selenium.remote.RemoteWebDriver.execute(RemoteWebDriver.java:559)
	... 39 more
Caused by: java.net.ConnectException: Connection refused
	at java.base/sun.nio.ch.Net.pollConnect(Native Method)
	at java.base/sun.nio.ch.Net.pollConnectNow(Net.java:673)
	at java.base/sun.nio.ch.SocketChannelImpl.finishConnect(SocketChannelImpl.java:973)
	at io.netty.channel.socket.nio.NioSocketChannel.doFinishConnect(NioSocketChannel.java:330)
	at io.netty.channel.nio.AbstractNioChannel$AbstractNioUnsafe.finishConnect(AbstractNioChannel.java:334)
	at io.netty.channel.nio.NioEventLoop.processSelectedKey(NioEventLoop.java:707)
	at io.netty.channel.nio.NioEventLoop.processSelectedKeysOptimized(NioEventLoop.java:655)
	at io.netty.channel.nio.NioEventLoop.processSelectedKeys(NioEventLoop.java:581)
	at io.netty.channel.nio.NioEventLoop.run(NioEventLoop.java:493)
	at io.netty.util.concurrent.SingleThreadEventExecutor$4.run(SingleThreadEventExecutor.java:986)
	at io.netty.util.internal.ThreadExecutorMap$2.run(ThreadExecutorMap.java:74)
	at io.netty.util.concurrent.FastThreadLocalRunnable.run(FastThreadLocalRunnable.java:30)
	at java.base/java.lang.Thread.run(Thread.java:1623)

testSimple(appiumtest.rokuTVTest)  Time elapsed: 0.001 sec  <<< FAILURE!
java.lang.NullPointerException: Cannot invoke "io.appium.java_client.AppiumDriver.findElement(org.openqa.selenium.By)" because "this.driver" is null
	at appiumtest.rokuTVTest.testSimple(rokuTVTest.java:81)

tearDown(appiumtest.AllegoiOSAppTest)  Time elapsed: 0.255 sec  <<< FAILURE!
org.openqa.selenium.WebDriverException: Unable to find the session info for particular sessionId ee580e2b-52df-4234-9a26-c97073cfa5ea, maybe session has quit already or timed out.
Build info: version: '4.0.0', revision: '3a21814679'
System info: host: 'LT-MBP-079.local', ip: '172.20.10.2', os.name: 'Mac OS X', os.arch: 'x86_64', os.version: '14.5', java.version: '20.0.1'
Driver info: io.appium.java_client.ios.IOSDriver
Command: [ee580e2b-52df-4234-9a26-c97073cfa5ea, executeScript {script=lambda-status=failed, args=[]}]
Capabilities {appium:autoAcceptAlerts: true, appium:automationName: XCUITest, appium:bundleID: com.allego.ios.AllegoDemo, appium:bundleId: com.allego.ios.AllegoDemo, appium:databaseEnabled: false, appium:derivedDataPath: /Users/ltadmin/Documents/ap..., appium:deviceName: iPhone SE (2020), appium:headless: false, appium:javascriptEnabled: true, appium:locationContextEnabled: false, appium:nativeWebScreenshot: true, appium:networkConnectionEnabled: false, appium:newCommandTimeout: 0, appium:noReset: false, appium:orientation: PORTRAIT, appium:platformVersion: 17, appium:takesScreenshot: true, appium:udid: 00008030-001925EE34D0402E, appium:uiautomator2ServerLaunchTimeout: 60000, appium:usePrebuiltWDA: true, appium:waitForQuiescence: false, appium:wdaLocalPort: 11087, appium:wdaStartupRetries: 3, appium:webStorageEnabled: false, appium:webkitResponseTimeout: 20000, platformName: ios}
Session ID: ee580e2b-52df-4234-9a26-c97073cfa5ea
	at java.base/jdk.internal.reflect.DirectConstructorHandleAccessor.newInstance(DirectConstructorHandleAccessor.java:67)
	at java.base/java.lang.reflect.Constructor.newInstanceWithCaller(Constructor.java:500)
	at java.base/java.lang.reflect.Constructor.newInstance(Constructor.java:484)
	at org.openqa.selenium.remote.codec.w3c.W3CHttpResponseCodec.createException(W3CHttpResponseCodec.java:200)
	at org.openqa.selenium.remote.codec.w3c.W3CHttpResponseCodec.decode(W3CHttpResponseCodec.java:133)
	at org.openqa.selenium.remote.codec.w3c.W3CHttpResponseCodec.decode(W3CHttpResponseCodec.java:53)
	at org.openqa.selenium.remote.HttpCommandExecutor.execute(HttpCommandExecutor.java:184)
	at io.appium.java_client.remote.AppiumCommandExecutor.execute(AppiumCommandExecutor.java:180)
	at org.openqa.selenium.remote.RemoteWebDriver.execute(RemoteWebDriver.java:559)
	at org.openqa.selenium.remote.RemoteWebDriver.executeScript(RemoteWebDriver.java:493)
	at appiumtest.AllegoiOSAppTest.tearDown(AllegoiOSAppTest.java:190)

