<?xml version="1.0" encoding="UTF-8"?>
<testng-results ignored="0" total="1" passed="1" failed="0" skipped="0">
  <reporter-output>
  </reporter-output>
  <suite started-at="2024-10-10T01:58:29 IST" name="Default suite" finished-at="2024-10-10T01:59:56 IST" duration-ms="87092">
    <groups>
    </groups>
    <test started-at="2024-10-10T01:58:29 IST" name="Default test" finished-at="2024-10-10T01:59:56 IST" duration-ms="87092">
      <class name="appiumtest.footLockerExecutionTime">
        <test-method is-config="true" signature="setUp()[pri:0, instance:appiumtest.footLockerExecutionTime@6973b51b]" started-at="2024-10-10T01:58:29 IST" name="setUp" finished-at="2024-10-10T01:59:54 IST" duration-ms="85311" status="PASS">
          <reporter-output>
          </reporter-output>
        </test-method> <!-- setUp -->
        <test-method signature="testSimple()[pri:0, instance:appiumtest.footLockerExecutionTime@6973b51b]" started-at="2024-10-10T01:59:54 IST" name="testSimple" finished-at="2024-10-10T01:59:55 IST" duration-ms="356" status="PASS">
          <reporter-output>
          </reporter-output>
        </test-method> <!-- testSimple -->
        <test-method is-config="true" signature="tearDown()[pri:0, instance:appiumtest.footLockerExecutionTime@6973b51b]" started-at="2024-10-10T01:59:55 IST" name="tearDown" finished-at="2024-10-10T01:59:56 IST" duration-ms="1346" status="PASS">
          <reporter-output>
          </reporter-output>
        </test-method> <!-- tearDown -->
      </class> <!-- appiumtest.footLockerExecutionTime -->
    </test> <!-- Default test -->
  </suite> <!-- Default suite -->
</testng-results>
